
--- Job MPEC.gms Start 07/08/19 11:06:53 24.9.2 r64480 WEX-WEI x86 64bit/MS Windows
GAMS 24.9.2   Copyright (C) 1987-2017 GAMS Development. All rights reserved
Licensee: Small MUD - 5 User License                     G161020:1349AO-WIN
          University of Washington, Seattle, Civil and EnvironmentalDC12815
          License for teaching and research at degree granting institutions
          License Admin: Xuegang Ban, banx@uw.edu                          
--- Starting compilation
--- MPEC.gms(10) 2 Mb 1 Error
*** Error 282 in G:\My Drive\02_Research\06_Mixed flow route choice\Codes\MPEC.gms
    Unable to open include file
--- MPEC.gms(14) 2 Mb 4 Errors
*** Error 120 in G:\My Drive\02_Research\06_Mixed flow route choice\Codes\MPEC.gms
    Unknown identifier entered as set
*** Error 120 in G:\My Drive\02_Research\06_Mixed flow route choice\Codes\MPEC.gms
    Unknown identifier entered as set
*** Error 120 in G:\My Drive\02_Research\06_Mixed flow route choice\Codes\MPEC.gms
    Unknown identifier entered as set
--- MPEC.gms(15) 2 Mb 5 Errors
*** Error 120 in G:\My Drive\02_Research\06_Mixed flow route choice\Codes\MPEC.gms
    Unknown identifier entered as set
--- MPEC.gms(39) 3 Mb 7 Errors
*** Error 140 in G:\My Drive\02_Research\06_Mixed flow route choice\Codes\MPEC.gms
    Unknown symbol
*** Error 120 in G:\My Drive\02_Research\06_Mixed flow route choice\Codes\MPEC.gms
    Unknown identifier entered as set
--- MPEC.gms(40) 3 Mb 9 Errors
*** Error 125 in G:\My Drive\02_Research\06_Mixed flow route choice\Codes\MPEC.gms
    Set is under control already
*** Error 125 in G:\My Drive\02_Research\06_Mixed flow route choice\Codes\MPEC.gms
    Set is under control already
--- MPEC.gms(41) 3 Mb 10 Errors
*** Error 140 in G:\My Drive\02_Research\06_Mixed flow route choice\Codes\MPEC.gms
    Unknown symbol
--- MPEC.gms(42) 3 Mb 12 Errors
*** Error  36 in G:\My Drive\02_Research\06_Mixed flow route choice\Codes\MPEC.gms
    '=' or '..' or ':=' or '$=' operator expected
    rest of statement ignored
*** Error 409 in G:\My Drive\02_Research\06_Mixed flow route choice\Codes\MPEC.gms
    Unrecognizable item - skip to find a new statement
      looking for a ';' or a key word to get started again
--- MPEC.gms(43) 3 Mb 14 Errors
*** Error  36 in G:\My Drive\02_Research\06_Mixed flow route choice\Codes\MPEC.gms
    '=' or '..' or ':=' or '$=' operator expected
    rest of statement ignored
*** Error 409 in G:\My Drive\02_Research\06_Mixed flow route choice\Codes\MPEC.gms
    Unrecognizable item - skip to find a new statement
      looking for a ';' or a key word to get started again
--- MPEC.gms(44) 3 Mb 19 Errors
*** Error 121 in G:\My Drive\02_Research\06_Mixed flow route choice\Codes\MPEC.gms
    Set expected
*** Error 148 in G:\My Drive\02_Research\06_Mixed flow route choice\Codes\MPEC.gms
    Dimension different - The symbol is referenced with more/less
       indices as declared
*** Error   8 in G:\My Drive\02_Research\06_Mixed flow route choice\Codes\MPEC.gms
    ')' expected
*** Error  37 in G:\My Drive\02_Research\06_Mixed flow route choice\Codes\MPEC.gms
    '=l=' or '=e=' or '=g=' operator expected
*** Error 409 in G:\My Drive\02_Research\06_Mixed flow route choice\Codes\MPEC.gms
    Unrecognizable item - skip to find a new statement
      looking for a ';' or a key word to get started again
--- MPEC.gms(45) 3 Mb 21 Errors
*** Error  36 in G:\My Drive\02_Research\06_Mixed flow route choice\Codes\MPEC.gms
    '=' or '..' or ':=' or '$=' operator expected
    rest of statement ignored
*** Error 409 in G:\My Drive\02_Research\06_Mixed flow route choice\Codes\MPEC.gms
    Unrecognizable item - skip to find a new statement
      looking for a ';' or a key word to get started again
--- MPEC.gms(46) 3 Mb 23 Errors
*** Error  36 in G:\My Drive\02_Research\06_Mixed flow route choice\Codes\MPEC.gms
    '=' or '..' or ':=' or '$=' operator expected
    rest of statement ignored
*** Error 409 in G:\My Drive\02_Research\06_Mixed flow route choice\Codes\MPEC.gms
    Unrecognizable item - skip to find a new statement
      looking for a ';' or a key word to get started again
--- MPEC.gms(47) 3 Mb 25 Errors
*** Error  36 in G:\My Drive\02_Research\06_Mixed flow route choice\Codes\MPEC.gms
    '=' or '..' or ':=' or '$=' operator expected
    rest of statement ignored
*** Error 409 in G:\My Drive\02_Research\06_Mixed flow route choice\Codes\MPEC.gms
    Unrecognizable item - skip to find a new statement
      looking for a ';' or a key word to get started again
--- MPEC.gms(48) 3 Mb 27 Errors
*** Error  36 in G:\My Drive\02_Research\06_Mixed flow route choice\Codes\MPEC.gms
    '=' or '..' or ':=' or '$=' operator expected
    rest of statement ignored
*** Error 409 in G:\My Drive\02_Research\06_Mixed flow route choice\Codes\MPEC.gms
    Unrecognizable item - skip to find a new statement
      looking for a ';' or a key word to get started again
--- MPEC.gms(49) 3 Mb 29 Errors
*** Error  36 in G:\My Drive\02_Research\06_Mixed flow route choice\Codes\MPEC.gms
    '=' or '..' or ':=' or '$=' operator expected
    rest of statement ignored
*** Error 409 in G:\My Drive\02_Research\06_Mixed flow route choice\Codes\MPEC.gms
    Unrecognizable item - skip to find a new statement
      looking for a ';' or a key word to get started again
--- MPEC.gms(50) 3 Mb 31 Errors
*** Error  36 in G:\My Drive\02_Research\06_Mixed flow route choice\Codes\MPEC.gms
    '=' or '..' or ':=' or '$=' operator expected
    rest of statement ignored
*** Error 409 in G:\My Drive\02_Research\06_Mixed flow route choice\Codes\MPEC.gms
    Unrecognizable item - skip to find a new statement
      looking for a ';' or a key word to get started again
--- MPEC.gms(51) 3 Mb 33 Errors
*** Error 140 in G:\My Drive\02_Research\06_Mixed flow route choice\Codes\MPEC.gms
    Unknown symbol
*** Error 171 in G:\My Drive\02_Research\06_Mixed flow route choice\Codes\MPEC.gms
    Domain violation for set
--- MPEC.gms(52) 3 Mb 36 Errors
*** Error 171 in G:\My Drive\02_Research\06_Mixed flow route choice\Codes\MPEC.gms
    Domain violation for set
*** Error 171 in G:\My Drive\02_Research\06_Mixed flow route choice\Codes\MPEC.gms
    Domain violation for set
*** Error 140 in G:\My Drive\02_Research\06_Mixed flow route choice\Codes\MPEC.gms
    Unknown symbol
--- MPEC.gms(53) 3 Mb 39 Errors
*** Error 171 in G:\My Drive\02_Research\06_Mixed flow route choice\Codes\MPEC.gms
    Domain violation for set
*** Error 171 in G:\My Drive\02_Research\06_Mixed flow route choice\Codes\MPEC.gms
    Domain violation for set
*** Error 140 in G:\My Drive\02_Research\06_Mixed flow route choice\Codes\MPEC.gms
    Unknown symbol
--- MPEC.gms(55) 3 Mb 40 Errors
*** Error 142 in G:\My Drive\02_Research\06_Mixed flow route choice\Codes\MPEC.gms
    No suffix allowed here - suffix ignored
--- MPEC.gms(56) 3 Mb 42 Errors
*** Error 246 in G:\My Drive\02_Research\06_Mixed flow route choice\Codes\MPEC.gms
    Objective variable is not a free variable
*** Error 257 in G:\My Drive\02_Research\06_Mixed flow route choice\Codes\MPEC.gms
    Solve statement not checked because of previous errors
--- MPEC.gms(90) 3 Mb 42 Errors
*** Status: Compilation error(s)
--- Job MPEC.gms Stop 07/08/19 11:06:54 elapsed 0:00:00.300
Exit code = 2
